2019-04-13 09:56:37 上午 [Thread: http-apr-8080-exec-4][ Class:com.alibaba.druid.pool.DruidDataSource >> Method: com.alibaba.druid.pool.DruidDataSource.init(DruidDataSource.java:669) ]
INFO:{dataSource-1} inited
2019-04-13 09:56:37 上午 [Thread: http-apr-8080-exec-4][ Class:com.easybuynet.web.pre.Home >> Method: com.easybuynet.web.pre.Home.index(Home.java:53) ]
DEBUG:初始化成功
2019-04-13 09:56:42 上午 [Thread: http-apr-8080-exec-8][ Class:com.easybuynet.web.pre.Home >> Method: com.easybuynet.web.pre.Home.index(Home.java:53) ]
DEBUG:初始化成功
2019-04-13 09:56:53 上午 [Thread: http-apr-8080-exec-3][ Class:com.easybuynet.web.pre.ReGist >> Method: com.easybuynet.web.pre.ReGist.login(ReGist.java:129) ]
INFO:登入成功
2019-04-13 09:56:53 上午 [Thread: http-apr-8080-exec-5][ Class:com.easybuynet.web.pre.ReGist >> Method: com.easybuynet.web.pre.ReGist.login(ReGist.java:129) ]
INFO:登入成功
2019-04-13 09:56:54 上午 [Thread: http-apr-8080-exec-2][ Class:com.easybuynet.web.pre.Home >> Method: com.easybuynet.web.pre.Home.index(Home.java:53) ]
DEBUG:初始化成功
2019-04-13 10:26:30 上午 [Thread: http-apr-8080-exec-12][ Class:com.easybuynet.utils.BaseServlet >> Method: com.easybuynet.utils.BaseServlet.service(BaseServlet.java:41) ]
ERROR:java.lang.reflect.InvocationTargetException
2019-04-13 10:27:51 上午 [Thread: http-apr-8080-exec-3][ Class:com.easybuynet.utils.BaseServlet >> Method: com.easybuynet.utils.BaseServlet.service(BaseServlet.java:41) ]
ERROR:java.lang.reflect.InvocationTargetException
2019-04-13 10:37:41 上午 [Thread: http-apr-8080-exec-2][ Class:com.easybuynet.utils.BaseServlet >> Method: com.easybuynet.utils.BaseServlet.service(BaseServlet.java:38) ]
ERROR:java.lang.NoSuchMethodException: com.easybuynet.web.admin.Product.delUser(javax.servlet.http.HttpServletRequest, javax.servlet.http.HttpServletResponse)
2019-04-13 10:38:18 上午 [Thread: http-apr-8080-exec-9][ Class:com.easybuynet.utils.BaseServlet >> Method: com.easybuynet.utils.BaseServlet.service(BaseServlet.java:41) ]
ERROR:java.lang.reflect.InvocationTargetException
2019-04-13 10:39:26 上午 [Thread: http-apr-8080-exec-9][ Class:com.easybuynet.utils.BaseServlet >> Method: com.easybuynet.utils.BaseServlet.service(BaseServlet.java:41) ]
ERROR:java.lang.reflect.InvocationTargetException
2019-04-13 10:40:28 上午 [Thread: http-apr-8080-exec-4][ Class:com.alibaba.druid.pool.DruidDataSource >> Method: com.alibaba.druid.pool.DruidDataSource.init(DruidDataSource.java:669) ]
INFO:{dataSource-1} inited
2019-04-13 10:40:28 上午 [Thread: http-apr-8080-exec-4][ Class:com.easybuynet.web.pre.Home >> Method: com.easybuynet.web.pre.Home.index(Home.java:53) ]
DEBUG:初始化成功
2019-04-13 10:40:29 上午 [Thread: http-apr-8080-exec-10][ Class:com.easybuynet.web.pre.Home >> Method: com.easybuynet.web.pre.Home.index(Home.java:53) ]
DEBUG:初始化成功
2019-04-13 11:00:21 上午 [Thread: http-apr-8080-exec-2][ Class:com.easybuynet.utils.BaseServlet >> Method: com.easybuynet.utils.BaseServlet.service(BaseServlet.java:41) ]
ERROR:java.lang.reflect.InvocationTargetException
2019-04-13 11:01:23 上午 [Thread: http-apr-8080-exec-10][ Class:com.easybuynet.utils.BaseServlet >> Method: com.easybuynet.utils.BaseServlet.service(BaseServlet.java:41) ]
ERROR:java.lang.reflect.InvocationTargetException
2019-04-13 11:03:52 上午 [Thread: http-apr-8080-exec-2][ Class:com.easybuynet.utils.BaseServlet >> Method: com.easybuynet.utils.BaseServlet.service(BaseServlet.java:41) ]
ERROR:java.lang.reflect.InvocationTargetException
2019-04-13 11:04:00 上午 [Thread: http-apr-8080-exec-2][ Class:com.easybuynet.utils.BaseServlet >> Method: com.easybuynet.utils.BaseServlet.service(BaseServlet.java:41) ]
ERROR:java.lang.reflect.InvocationTargetException
2019-04-13 11:06:04 上午 [Thread: http-apr-8080-exec-4][ Class:com.alibaba.druid.pool.DruidDataSource >> Method: com.alibaba.druid.pool.DruidDataSource.init(DruidDataSource.java:669) ]
INFO:{dataSource-1} inited
2019-04-13 11:06:04 上午 [Thread: http-apr-8080-exec-4][ Class:com.easybuynet.web.pre.Home >> Method: com.easybuynet.web.pre.Home.index(Home.java:53) ]
DEBUG:初始化成功
2019-04-13 11:06:05 上午 [Thread: http-apr-8080-exec-8][ Class:com.easybuynet.web.pre.Home >> Method: com.easybuynet.web.pre.Home.index(Home.java:53) ]
DEBUG:初始化成功
