2019-04-11 19:13:45 下午 [Thread: Druid-ConnectionPool-Create-329051655][ Class:com.alibaba.druid.pool.DruidDataSource >> Method: com.alibaba.druid.pool.DruidDataSource$CreateConnectionThread.run(DruidDataSource.java:1890) ]
ERROR:create connection error, url: jdbc:mysql://localhost:3306/easybynet?rewriteBatchedStatements=true&useUnicode=true&characterEncoding=utf8
com.mysql.jdbc.exceptions.jdbc4.CommunicationsException: Communications link failure

Last packet sent to the server was 20 ms ago.
	at sun.reflect.NativeConstructorAccessorImpl.newInstance0(Native Method)
	at sun.reflect.NativeConstructorAccessorImpl.newInstance(NativeConstructorAccessorImpl.java:62)
	at sun.reflect.DelegatingConstructorAccessorImpl.__newInstance(DelegatingConstructorAccessorImpl.java:45)
	at sun.reflect.DelegatingConstructorAccessorImpl.newInstance(DelegatingConstructorAccessorImpl.java:45009)
	at sun.reflect.DelegatingConstructorAccessorImpl.newInstance(DelegatingConstructorAccessorImpl.java:45012)
	at java.lang.reflect.Constructor.newInstance(Constructor.java:423)
	at com.mysql.jdbc.Util.handleNewInstance(Util.java:353)
	at com.mysql.jdbc.SQLError.createCommunicationsException(SQLError.java:1074)
	at com.mysql.jdbc.Connection.createNewIO(Connection.java:2001)
	at com.mysql.jdbc.Connection.<init>(Connection.java:716)
	at com.mysql.jdbc.JDBC4Connection.<init>(JDBC4Connection.java:46)
	at sun.reflect.NativeConstructorAccessorImpl.newInstance0(Native Method)
	at sun.reflect.NativeConstructorAccessorImpl.newInstance(NativeConstructorAccessorImpl.java:62)
	at sun.reflect.DelegatingConstructorAccessorImpl.__newInstance(DelegatingConstructorAccessorImpl.java:45)
	at sun.reflect.DelegatingConstructorAccessorImpl.newInstance(DelegatingConstructorAccessorImpl.java:45009)
	at sun.reflect.DelegatingConstructorAccessorImpl.newInstance(DelegatingConstructorAccessorImpl.java:45012)
	at java.lang.reflect.Constructor.newInstance(Constructor.java:423)
	at com.mysql.jdbc.Util.handleNewInstance(Util.java:353)
	at com.mysql.jdbc.Connection.getInstance(Connection.java:295)
	at com.mysql.jdbc.NonRegisteringDriver.connect(NonRegisteringDriver.java:266)
	at com.alibaba.druid.pool.DruidAbstractDataSource.createPhysicalConnection(DruidAbstractDataSource.java:1375)
	at com.alibaba.druid.pool.DruidAbstractDataSource.createPhysicalConnection(DruidAbstractDataSource.java:1431)
	at com.alibaba.druid.pool.DruidDataSource$CreateConnectionThread.run(DruidDataSource.java:1888)
Caused by: java.net.ConnectException: Connection refused: connect
	at java.net.DualStackPlainSocketImpl.connect0(Native Method)
	at java.net.DualStackPlainSocketImpl.socketConnect(DualStackPlainSocketImpl.java:79)
	at java.net.AbstractPlainSocketImpl.doConnect(AbstractPlainSocketImpl.java:350)
	at java.net.AbstractPlainSocketImpl.connectToAddress(AbstractPlainSocketImpl.java:206)
	at java.net.AbstractPlainSocketImpl.connect(AbstractPlainSocketImpl.java:188)
	at java.net.PlainSocketImpl.connect(PlainSocketImpl.java:172)
	at java.net.SocksSocketImpl.connect(SocksSocketImpl.java:392)
	at java.net.Socket.connect(Socket.java:589)
	at java.net.Socket.connect(Socket.java:538)
	at java.net.Socket.<init>(Socket.java:434)
	at java.net.Socket.<init>(Socket.java:244)
	at com.mysql.jdbc.StandardSocketFactory.connect(StandardSocketFactory.java:168)
	at com.mysql.jdbc.MysqlIO.<init>(MysqlIO.java:262)
	at com.mysql.jdbc.Connection.createNewIO(Connection.java:1926)
	... 14 more
2019-04-11 19:13:47 下午 [Thread: Druid-ConnectionPool-Create-329051655][ Class:com.alibaba.druid.pool.DruidDataSource >> Method: com.alibaba.druid.pool.DruidDataSource$CreateConnectionThread.run(DruidDataSource.java:1890) ]
ERROR:create connection error, url: jdbc:mysql://localhost:3306/easybynet?rewriteBatchedStatements=true&useUnicode=true&characterEncoding=utf8
com.mysql.jdbc.exceptions.jdbc4.CommunicationsException: Communications link failure

Last packet sent to the server was 0 ms ago.
	at sun.reflect.NativeConstructorAccessorImpl.newInstance0(Native Method)
	at sun.reflect.NativeConstructorAccessorImpl.newInstance(NativeConstructorAccessorImpl.java:62)
	at sun.reflect.DelegatingConstructorAccessorImpl.__newInstance(DelegatingConstructorAccessorImpl.java:45)
	at sun.reflect.DelegatingConstructorAccessorImpl.newInstance(DelegatingConstructorAccessorImpl.java:45009)
	at sun.reflect.DelegatingConstructorAccessorImpl.newInstance(DelegatingConstructorAccessorImpl.java:45012)
	at java.lang.reflect.Constructor.newInstance(Constructor.java:423)
	at com.mysql.jdbc.Util.handleNewInstance(Util.java:353)
	at com.mysql.jdbc.SQLError.createCommunicationsException(SQLError.java:1074)
	at com.mysql.jdbc.Connection.createNewIO(Connection.java:2001)
	at com.mysql.jdbc.Connection.<init>(Connection.java:716)
	at com.mysql.jdbc.JDBC4Connection.<init>(JDBC4Connection.java:46)
	at sun.reflect.NativeConstructorAccessorImpl.newInstance0(Native Method)
	at sun.reflect.NativeConstructorAccessorImpl.newInstance(NativeConstructorAccessorImpl.java:62)
	at sun.reflect.DelegatingConstructorAccessorImpl.__newInstance(DelegatingConstructorAccessorImpl.java:45)
	at sun.reflect.DelegatingConstructorAccessorImpl.newInstance(DelegatingConstructorAccessorImpl.java:45009)
	at sun.reflect.DelegatingConstructorAccessorImpl.newInstance(DelegatingConstructorAccessorImpl.java:45012)
	at java.lang.reflect.Constructor.newInstance(Constructor.java:423)
	at com.mysql.jdbc.Util.handleNewInstance(Util.java:353)
	at com.mysql.jdbc.Connection.getInstance(Connection.java:295)
	at com.mysql.jdbc.NonRegisteringDriver.connect(NonRegisteringDriver.java:266)
	at com.alibaba.druid.pool.DruidAbstractDataSource.createPhysicalConnection(DruidAbstractDataSource.java:1375)
	at com.alibaba.druid.pool.DruidAbstractDataSource.createPhysicalConnection(DruidAbstractDataSource.java:1431)
	at com.alibaba.druid.pool.DruidDataSource$CreateConnectionThread.run(DruidDataSource.java:1888)
Caused by: java.net.ConnectException: Connection refused: connect
	at java.net.DualStackPlainSocketImpl.connect0(Native Method)
	at java.net.DualStackPlainSocketImpl.socketConnect(DualStackPlainSocketImpl.java:79)
	at java.net.AbstractPlainSocketImpl.doConnect(AbstractPlainSocketImpl.java:350)
	at java.net.AbstractPlainSocketImpl.connectToAddress(AbstractPlainSocketImpl.java:206)
	at java.net.AbstractPlainSocketImpl.connect(AbstractPlainSocketImpl.java:188)
	at java.net.PlainSocketImpl.connect(PlainSocketImpl.java:172)
	at java.net.SocksSocketImpl.connect(SocksSocketImpl.java:392)
	at java.net.Socket.connect(Socket.java:589)
	at java.net.Socket.connect(Socket.java:538)
	at java.net.Socket.<init>(Socket.java:434)
	at java.net.Socket.<init>(Socket.java:244)
	at com.mysql.jdbc.StandardSocketFactory.connect(StandardSocketFactory.java:168)
	at com.mysql.jdbc.MysqlIO.<init>(MysqlIO.java:262)
	at com.mysql.jdbc.Connection.createNewIO(Connection.java:1926)
	... 14 more
2019-04-11 19:13:49 下午 [Thread: Druid-ConnectionPool-Create-329051655][ Class:com.alibaba.druid.pool.DruidDataSource >> Method: com.alibaba.druid.pool.DruidDataSource$CreateConnectionThread.run(DruidDataSource.java:1890) ]
ERROR:create connection error, url: jdbc:mysql://localhost:3306/easybynet?rewriteBatchedStatements=true&useUnicode=true&characterEncoding=utf8
com.mysql.jdbc.exceptions.jdbc4.CommunicationsException: Communications link failure

Last packet sent to the server was 0 ms ago.
	at sun.reflect.NativeConstructorAccessorImpl.newInstance0(Native Method)
	at sun.reflect.NativeConstructorAccessorImpl.newInstance(NativeConstructorAccessorImpl.java:62)
	at sun.reflect.DelegatingConstructorAccessorImpl.__newInstance(DelegatingConstructorAccessorImpl.java:45)
	at sun.reflect.DelegatingConstructorAccessorImpl.newInstance(DelegatingConstructorAccessorImpl.java:45009)
	at sun.reflect.DelegatingConstructorAccessorImpl.newInstance(DelegatingConstructorAccessorImpl.java:45012)
	at java.lang.reflect.Constructor.newInstance(Constructor.java:423)
	at com.mysql.jdbc.Util.handleNewInstance(Util.java:353)
	at com.mysql.jdbc.SQLError.createCommunicationsException(SQLError.java:1074)
	at com.mysql.jdbc.Connection.createNewIO(Connection.java:2001)
	at com.mysql.jdbc.Connection.<init>(Connection.java:716)
	at com.mysql.jdbc.JDBC4Connection.<init>(JDBC4Connection.java:46)
	at sun.reflect.NativeConstructorAccessorImpl.newInstance0(Native Method)
	at sun.reflect.NativeConstructorAccessorImpl.newInstance(NativeConstructorAccessorImpl.java:62)
	at sun.reflect.DelegatingConstructorAccessorImpl.__newInstance(DelegatingConstructorAccessorImpl.java:45)
	at sun.reflect.DelegatingConstructorAccessorImpl.newInstance(DelegatingConstructorAccessorImpl.java:45009)
	at sun.reflect.DelegatingConstructorAccessorImpl.newInstance(DelegatingConstructorAccessorImpl.java:45012)
	at java.lang.reflect.Constructor.newInstance(Constructor.java:423)
	at com.mysql.jdbc.Util.handleNewInstance(Util.java:353)
	at com.mysql.jdbc.Connection.getInstance(Connection.java:295)
	at com.mysql.jdbc.NonRegisteringDriver.connect(NonRegisteringDriver.java:266)
	at com.alibaba.druid.pool.DruidAbstractDataSource.createPhysicalConnection(DruidAbstractDataSource.java:1375)
	at com.alibaba.druid.pool.DruidAbstractDataSource.createPhysicalConnection(DruidAbstractDataSource.java:1431)
	at com.alibaba.druid.pool.DruidDataSource$CreateConnectionThread.run(DruidDataSource.java:1888)
Caused by: java.net.ConnectException: Connection refused: connect
	at java.net.DualStackPlainSocketImpl.connect0(Native Method)
	at java.net.DualStackPlainSocketImpl.socketConnect(DualStackPlainSocketImpl.java:79)
	at java.net.AbstractPlainSocketImpl.doConnect(AbstractPlainSocketImpl.java:350)
	at java.net.AbstractPlainSocketImpl.connectToAddress(AbstractPlainSocketImpl.java:206)
	at java.net.AbstractPlainSocketImpl.connect(AbstractPlainSocketImpl.java:188)
	at java.net.PlainSocketImpl.connect(PlainSocketImpl.java:172)
	at java.net.SocksSocketImpl.connect(SocksSocketImpl.java:392)
	at java.net.Socket.connect(Socket.java:589)
	at java.net.Socket.connect(Socket.java:538)
	at java.net.Socket.<init>(Socket.java:434)
	at java.net.Socket.<init>(Socket.java:244)
	at com.mysql.jdbc.StandardSocketFactory.connect(StandardSocketFactory.java:168)
	at com.mysql.jdbc.MysqlIO.<init>(MysqlIO.java:262)
	at com.mysql.jdbc.Connection.createNewIO(Connection.java:1926)
	... 14 more
2019-04-11 19:13:52 下午 [Thread: Druid-ConnectionPool-Create-329051655][ Class:com.alibaba.druid.pool.DruidDataSource >> Method: com.alibaba.druid.pool.DruidDataSource$CreateConnectionThread.run(DruidDataSource.java:1890) ]
ERROR:create connection error, url: jdbc:mysql://localhost:3306/easybynet?rewriteBatchedStatements=true&useUnicode=true&characterEncoding=utf8
com.mysql.jdbc.exceptions.jdbc4.CommunicationsException: Communications link failure

Last packet sent to the server was 0 ms ago.
	at sun.reflect.NativeConstructorAccessorImpl.newInstance0(Native Method)
	at sun.reflect.NativeConstructorAccessorImpl.newInstance(NativeConstructorAccessorImpl.java:62)
	at sun.reflect.DelegatingConstructorAccessorImpl.__newInstance(DelegatingConstructorAccessorImpl.java:45)
	at sun.reflect.DelegatingConstructorAccessorImpl.newInstance(DelegatingConstructorAccessorImpl.java:45009)
	at sun.reflect.DelegatingConstructorAccessorImpl.newInstance(DelegatingConstructorAccessorImpl.java:45012)
	at java.lang.reflect.Constructor.newInstance(Constructor.java:423)
	at com.mysql.jdbc.Util.handleNewInstance(Util.java:353)
	at com.mysql.jdbc.SQLError.createCommunicationsException(SQLError.java:1074)
	at com.mysql.jdbc.Connection.createNewIO(Connection.java:2001)
	at com.mysql.jdbc.Connection.<init>(Connection.java:716)
	at com.mysql.jdbc.JDBC4Connection.<init>(JDBC4Connection.java:46)
	at sun.reflect.NativeConstructorAccessorImpl.newInstance0(Native Method)
	at sun.reflect.NativeConstructorAccessorImpl.newInstance(NativeConstructorAccessorImpl.java:62)
	at sun.reflect.DelegatingConstructorAccessorImpl.__newInstance(DelegatingConstructorAccessorImpl.java:45)
	at sun.reflect.DelegatingConstructorAccessorImpl.newInstance(DelegatingConstructorAccessorImpl.java:45009)
	at sun.reflect.DelegatingConstructorAccessorImpl.newInstance(DelegatingConstructorAccessorImpl.java:45012)
	at java.lang.reflect.Constructor.newInstance(Constructor.java:423)
	at com.mysql.jdbc.Util.handleNewInstance(Util.java:353)
	at com.mysql.jdbc.Connection.getInstance(Connection.java:295)
	at com.mysql.jdbc.NonRegisteringDriver.connect(NonRegisteringDriver.java:266)
	at com.alibaba.druid.pool.DruidAbstractDataSource.createPhysicalConnection(DruidAbstractDataSource.java:1375)
	at com.alibaba.druid.pool.DruidAbstractDataSource.createPhysicalConnection(DruidAbstractDataSource.java:1431)
	at com.alibaba.druid.pool.DruidDataSource$CreateConnectionThread.run(DruidDataSource.java:1888)
Caused by: java.net.ConnectException: Connection refused: connect
	at java.net.DualStackPlainSocketImpl.connect0(Native Method)
	at java.net.DualStackPlainSocketImpl.socketConnect(DualStackPlainSocketImpl.java:79)
	at java.net.AbstractPlainSocketImpl.doConnect(AbstractPlainSocketImpl.java:350)
	at java.net.AbstractPlainSocketImpl.connectToAddress(AbstractPlainSocketImpl.java:206)
	at java.net.AbstractPlainSocketImpl.connect(AbstractPlainSocketImpl.java:188)
	at java.net.PlainSocketImpl.connect(PlainSocketImpl.java:172)
	at java.net.SocksSocketImpl.connect(SocksSocketImpl.java:392)
	at java.net.Socket.connect(Socket.java:589)
	at java.net.Socket.connect(Socket.java:538)
	at java.net.Socket.<init>(Socket.java:434)
	at java.net.Socket.<init>(Socket.java:244)
	at com.mysql.jdbc.StandardSocketFactory.connect(StandardSocketFactory.java:168)
	at com.mysql.jdbc.MysqlIO.<init>(MysqlIO.java:262)
	at com.mysql.jdbc.Connection.createNewIO(Connection.java:1926)
	... 14 more
2019-04-11 19:13:54 下午 [Thread: Druid-ConnectionPool-Create-329051655][ Class:com.alibaba.druid.pool.DruidDataSource >> Method: com.alibaba.druid.pool.DruidDataSource$CreateConnectionThread.run(DruidDataSource.java:1890) ]
ERROR:create connection error, url: jdbc:mysql://localhost:3306/easybynet?rewriteBatchedStatements=true&useUnicode=true&characterEncoding=utf8
com.mysql.jdbc.exceptions.jdbc4.CommunicationsException: Communications link failure

Last packet sent to the server was 0 ms ago.
	at sun.reflect.NativeConstructorAccessorImpl.newInstance0(Native Method)
	at sun.reflect.NativeConstructorAccessorImpl.newInstance(NativeConstructorAccessorImpl.java:62)
	at sun.reflect.DelegatingConstructorAccessorImpl.__newInstance(DelegatingConstructorAccessorImpl.java:45)
	at sun.reflect.DelegatingConstructorAccessorImpl.newInstance(DelegatingConstructorAccessorImpl.java:45009)
	at sun.reflect.DelegatingConstructorAccessorImpl.newInstance(DelegatingConstructorAccessorImpl.java:45012)
	at java.lang.reflect.Constructor.newInstance(Constructor.java:423)
	at com.mysql.jdbc.Util.handleNewInstance(Util.java:353)
	at com.mysql.jdbc.SQLError.createCommunicationsException(SQLError.java:1074)
	at com.mysql.jdbc.Connection.createNewIO(Connection.java:2001)
	at com.mysql.jdbc.Connection.<init>(Connection.java:716)
	at com.mysql.jdbc.JDBC4Connection.<init>(JDBC4Connection.java:46)
	at sun.reflect.NativeConstructorAccessorImpl.newInstance0(Native Method)
	at sun.reflect.NativeConstructorAccessorImpl.newInstance(NativeConstructorAccessorImpl.java:62)
	at sun.reflect.DelegatingConstructorAccessorImpl.__newInstance(DelegatingConstructorAccessorImpl.java:45)
	at sun.reflect.DelegatingConstructorAccessorImpl.newInstance(DelegatingConstructorAccessorImpl.java:45009)
	at sun.reflect.DelegatingConstructorAccessorImpl.newInstance(DelegatingConstructorAccessorImpl.java:45012)
	at java.lang.reflect.Constructor.newInstance(Constructor.java:423)
	at com.mysql.jdbc.Util.handleNewInstance(Util.java:353)
	at com.mysql.jdbc.Connection.getInstance(Connection.java:295)
	at com.mysql.jdbc.NonRegisteringDriver.connect(NonRegisteringDriver.java:266)
	at com.alibaba.druid.pool.DruidAbstractDataSource.createPhysicalConnection(DruidAbstractDataSource.java:1375)
	at com.alibaba.druid.pool.DruidAbstractDataSource.createPhysicalConnection(DruidAbstractDataSource.java:1431)
	at com.alibaba.druid.pool.DruidDataSource$CreateConnectionThread.run(DruidDataSource.java:1888)
Caused by: java.net.ConnectException: Connection refused: connect
	at java.net.DualStackPlainSocketImpl.connect0(Native Method)
	at java.net.DualStackPlainSocketImpl.socketConnect(DualStackPlainSocketImpl.java:79)
	at java.net.AbstractPlainSocketImpl.doConnect(AbstractPlainSocketImpl.java:350)
	at java.net.AbstractPlainSocketImpl.connectToAddress(AbstractPlainSocketImpl.java:206)
	at java.net.AbstractPlainSocketImpl.connect(AbstractPlainSocketImpl.java:188)
	at java.net.PlainSocketImpl.connect(PlainSocketImpl.java:172)
	at java.net.SocksSocketImpl.connect(SocksSocketImpl.java:392)
	at java.net.Socket.connect(Socket.java:589)
	at java.net.Socket.connect(Socket.java:538)
	at java.net.Socket.<init>(Socket.java:434)
	at java.net.Socket.<init>(Socket.java:244)
	at com.mysql.jdbc.StandardSocketFactory.connect(StandardSocketFactory.java:168)
	at com.mysql.jdbc.MysqlIO.<init>(MysqlIO.java:262)
	at com.mysql.jdbc.Connection.createNewIO(Connection.java:1926)
	... 14 more
2019-04-11 19:13:56 下午 [Thread: Druid-ConnectionPool-Create-329051655][ Class:com.alibaba.druid.pool.DruidDataSource >> Method: com.alibaba.druid.pool.DruidDataSource$CreateConnectionThread.run(DruidDataSource.java:1890) ]
ERROR:create connection error, url: jdbc:mysql://localhost:3306/easybynet?rewriteBatchedStatements=true&useUnicode=true&characterEncoding=utf8
com.mysql.jdbc.exceptions.jdbc4.CommunicationsException: Communications link failure

Last packet sent to the server was 0 ms ago.
	at sun.reflect.NativeConstructorAccessorImpl.newInstance0(Native Method)
	at sun.reflect.NativeConstructorAccessorImpl.newInstance(NativeConstructorAccessorImpl.java:62)
	at sun.reflect.DelegatingConstructorAccessorImpl.__newInstance(DelegatingConstructorAccessorImpl.java:45)
	at sun.reflect.DelegatingConstructorAccessorImpl.newInstance(DelegatingConstructorAccessorImpl.java:45009)
	at sun.reflect.DelegatingConstructorAccessorImpl.newInstance(DelegatingConstructorAccessorImpl.java:45012)
	at java.lang.reflect.Constructor.newInstance(Constructor.java:423)
	at com.mysql.jdbc.Util.handleNewInstance(Util.java:353)
	at com.mysql.jdbc.SQLError.createCommunicationsException(SQLError.java:1074)
	at com.mysql.jdbc.Connection.createNewIO(Connection.java:2001)
	at com.mysql.jdbc.Connection.<init>(Connection.java:716)
	at com.mysql.jdbc.JDBC4Connection.<init>(JDBC4Connection.java:46)
	at sun.reflect.NativeConstructorAccessorImpl.newInstance0(Native Method)
	at sun.reflect.NativeConstructorAccessorImpl.newInstance(NativeConstructorAccessorImpl.java:62)
	at sun.reflect.DelegatingConstructorAccessorImpl.__newInstance(DelegatingConstructorAccessorImpl.java:45)
	at sun.reflect.DelegatingConstructorAccessorImpl.newInstance(DelegatingConstructorAccessorImpl.java:45009)
	at sun.reflect.DelegatingConstructorAccessorImpl.newInstance(DelegatingConstructorAccessorImpl.java:45012)
	at java.lang.reflect.Constructor.newInstance(Constructor.java:423)
	at com.mysql.jdbc.Util.handleNewInstance(Util.java:353)
	at com.mysql.jdbc.Connection.getInstance(Connection.java:295)
	at com.mysql.jdbc.NonRegisteringDriver.connect(NonRegisteringDriver.java:266)
	at com.alibaba.druid.pool.DruidAbstractDataSource.createPhysicalConnection(DruidAbstractDataSource.java:1375)
	at com.alibaba.druid.pool.DruidAbstractDataSource.createPhysicalConnection(DruidAbstractDataSource.java:1431)
	at com.alibaba.druid.pool.DruidDataSource$CreateConnectionThread.run(DruidDataSource.java:1888)
Caused by: java.net.ConnectException: Connection refused: connect
	at java.net.DualStackPlainSocketImpl.connect0(Native Method)
	at java.net.DualStackPlainSocketImpl.socketConnect(DualStackPlainSocketImpl.java:79)
	at java.net.AbstractPlainSocketImpl.doConnect(AbstractPlainSocketImpl.java:350)
	at java.net.AbstractPlainSocketImpl.connectToAddress(AbstractPlainSocketImpl.java:206)
	at java.net.AbstractPlainSocketImpl.connect(AbstractPlainSocketImpl.java:188)
	at java.net.PlainSocketImpl.connect(PlainSocketImpl.java:172)
	at java.net.SocksSocketImpl.connect(SocksSocketImpl.java:392)
	at java.net.Socket.connect(Socket.java:589)
	at java.net.Socket.connect(Socket.java:538)
	at java.net.Socket.<init>(Socket.java:434)
	at java.net.Socket.<init>(Socket.java:244)
	at com.mysql.jdbc.StandardSocketFactory.connect(StandardSocketFactory.java:168)
	at com.mysql.jdbc.MysqlIO.<init>(MysqlIO.java:262)
	at com.mysql.jdbc.Connection.createNewIO(Connection.java:1926)
	... 14 more
2019-04-11 19:13:58 下午 [Thread: Druid-ConnectionPool-Create-329051655][ Class:com.alibaba.druid.pool.DruidDataSource >> Method: com.alibaba.druid.pool.DruidDataSource$CreateConnectionThread.run(DruidDataSource.java:1890) ]
ERROR:create connection error, url: jdbc:mysql://localhost:3306/easybynet?rewriteBatchedStatements=true&useUnicode=true&characterEncoding=utf8
com.mysql.jdbc.exceptions.jdbc4.CommunicationsException: Communications link failure

Last packet sent to the server was 0 ms ago.
	at sun.reflect.NativeConstructorAccessorImpl.newInstance0(Native Method)
	at sun.reflect.NativeConstructorAccessorImpl.newInstance(NativeConstructorAccessorImpl.java:62)
	at sun.reflect.DelegatingConstructorAccessorImpl.__newInstance(DelegatingConstructorAccessorImpl.java:45)
	at sun.reflect.DelegatingConstructorAccessorImpl.newInstance(DelegatingConstructorAccessorImpl.java:45009)
	at sun.reflect.DelegatingConstructorAccessorImpl.newInstance(DelegatingConstructorAccessorImpl.java:45012)
	at java.lang.reflect.Constructor.newInstance(Constructor.java:423)
	at com.mysql.jdbc.Util.handleNewInstance(Util.java:353)
	at com.mysql.jdbc.SQLError.createCommunicationsException(SQLError.java:1074)
	at com.mysql.jdbc.Connection.createNewIO(Connection.java:2001)
	at com.mysql.jdbc.Connection.<init>(Connection.java:716)
	at com.mysql.jdbc.JDBC4Connection.<init>(JDBC4Connection.java:46)
	at sun.reflect.NativeConstructorAccessorImpl.newInstance0(Native Method)
	at sun.reflect.NativeConstructorAccessorImpl.newInstance(NativeConstructorAccessorImpl.java:62)
	at sun.reflect.DelegatingConstructorAccessorImpl.__newInstance(DelegatingConstructorAccessorImpl.java:45)
	at sun.reflect.DelegatingConstructorAccessorImpl.newInstance(DelegatingConstructorAccessorImpl.java:45009)
	at sun.reflect.DelegatingConstructorAccessorImpl.newInstance(DelegatingConstructorAccessorImpl.java:45012)
	at java.lang.reflect.Constructor.newInstance(Constructor.java:423)
	at com.mysql.jdbc.Util.handleNewInstance(Util.java:353)
	at com.mysql.jdbc.Connection.getInstance(Connection.java:295)
	at com.mysql.jdbc.NonRegisteringDriver.connect(NonRegisteringDriver.java:266)
	at com.alibaba.druid.pool.DruidAbstractDataSource.createPhysicalConnection(DruidAbstractDataSource.java:1375)
	at com.alibaba.druid.pool.DruidAbstractDataSource.createPhysicalConnection(DruidAbstractDataSource.java:1431)
	at com.alibaba.druid.pool.DruidDataSource$CreateConnectionThread.run(DruidDataSource.java:1888)
Caused by: java.net.ConnectException: Connection refused: connect
	at java.net.DualStackPlainSocketImpl.connect0(Native Method)
	at java.net.DualStackPlainSocketImpl.socketConnect(DualStackPlainSocketImpl.java:79)
	at java.net.AbstractPlainSocketImpl.doConnect(AbstractPlainSocketImpl.java:350)
	at java.net.AbstractPlainSocketImpl.connectToAddress(AbstractPlainSocketImpl.java:206)
	at java.net.AbstractPlainSocketImpl.connect(AbstractPlainSocketImpl.java:188)
	at java.net.PlainSocketImpl.connect(PlainSocketImpl.java:172)
	at java.net.SocksSocketImpl.connect(SocksSocketImpl.java:392)
	at java.net.Socket.connect(Socket.java:589)
	at java.net.Socket.connect(Socket.java:538)
	at java.net.Socket.<init>(Socket.java:434)
	at java.net.Socket.<init>(Socket.java:244)
	at com.mysql.jdbc.StandardSocketFactory.connect(StandardSocketFactory.java:168)
	at com.mysql.jdbc.MysqlIO.<init>(MysqlIO.java:262)
	at com.mysql.jdbc.Connection.createNewIO(Connection.java:1926)
	... 14 more
2019-04-11 19:14:00 下午 [Thread: Druid-ConnectionPool-Create-329051655][ Class:com.alibaba.druid.pool.DruidDataSource >> Method: com.alibaba.druid.pool.DruidDataSource$CreateConnectionThread.run(DruidDataSource.java:1890) ]
ERROR:create connection error, url: jdbc:mysql://localhost:3306/easybynet?rewriteBatchedStatements=true&useUnicode=true&characterEncoding=utf8
com.mysql.jdbc.exceptions.jdbc4.CommunicationsException: Communications link failure

Last packet sent to the server was 0 ms ago.
	at sun.reflect.NativeConstructorAccessorImpl.newInstance0(Native Method)
	at sun.reflect.NativeConstructorAccessorImpl.newInstance(NativeConstructorAccessorImpl.java:62)
	at sun.reflect.DelegatingConstructorAccessorImpl.__newInstance(DelegatingConstructorAccessorImpl.java:45)
	at sun.reflect.DelegatingConstructorAccessorImpl.newInstance(DelegatingConstructorAccessorImpl.java:45009)
	at sun.reflect.DelegatingConstructorAccessorImpl.newInstance(DelegatingConstructorAccessorImpl.java:45012)
	at java.lang.reflect.Constructor.newInstance(Constructor.java:423)
	at com.mysql.jdbc.Util.handleNewInstance(Util.java:353)
	at com.mysql.jdbc.SQLError.createCommunicationsException(SQLError.java:1074)
	at com.mysql.jdbc.Connection.createNewIO(Connection.java:2001)
	at com.mysql.jdbc.Connection.<init>(Connection.java:716)
	at com.mysql.jdbc.JDBC4Connection.<init>(JDBC4Connection.java:46)
	at sun.reflect.NativeConstructorAccessorImpl.newInstance0(Native Method)
	at sun.reflect.NativeConstructorAccessorImpl.newInstance(NativeConstructorAccessorImpl.java:62)
	at sun.reflect.DelegatingConstructorAccessorImpl.__newInstance(DelegatingConstructorAccessorImpl.java:45)
	at sun.reflect.DelegatingConstructorAccessorImpl.newInstance(DelegatingConstructorAccessorImpl.java:45009)
	at sun.reflect.DelegatingConstructorAccessorImpl.newInstance(DelegatingConstructorAccessorImpl.java:45012)
	at java.lang.reflect.Constructor.newInstance(Constructor.java:423)
	at com.mysql.jdbc.Util.handleNewInstance(Util.java:353)
	at com.mysql.jdbc.Connection.getInstance(Connection.java:295)
	at com.mysql.jdbc.NonRegisteringDriver.connect(NonRegisteringDriver.java:266)
	at com.alibaba.druid.pool.DruidAbstractDataSource.createPhysicalConnection(DruidAbstractDataSource.java:1375)
	at com.alibaba.druid.pool.DruidAbstractDataSource.createPhysicalConnection(DruidAbstractDataSource.java:1431)
	at com.alibaba.druid.pool.DruidDataSource$CreateConnectionThread.run(DruidDataSource.java:1888)
Caused by: java.net.ConnectException: Connection refused: connect
	at java.net.DualStackPlainSocketImpl.connect0(Native Method)
	at java.net.DualStackPlainSocketImpl.socketConnect(DualStackPlainSocketImpl.java:79)
	at java.net.AbstractPlainSocketImpl.doConnect(AbstractPlainSocketImpl.java:350)
	at java.net.AbstractPlainSocketImpl.connectToAddress(AbstractPlainSocketImpl.java:206)
	at java.net.AbstractPlainSocketImpl.connect(AbstractPlainSocketImpl.java:188)
	at java.net.PlainSocketImpl.connect(PlainSocketImpl.java:172)
	at java.net.SocksSocketImpl.connect(SocksSocketImpl.java:392)
	at java.net.Socket.connect(Socket.java:589)
	at java.net.Socket.connect(Socket.java:538)
	at java.net.Socket.<init>(Socket.java:434)
	at java.net.Socket.<init>(Socket.java:244)
	at com.mysql.jdbc.StandardSocketFactory.connect(StandardSocketFactory.java:168)
	at com.mysql.jdbc.MysqlIO.<init>(MysqlIO.java:262)
	at com.mysql.jdbc.Connection.createNewIO(Connection.java:1926)
	... 14 more
2019-04-11 19:14:02 下午 [Thread: Druid-ConnectionPool-Create-329051655][ Class:com.alibaba.druid.pool.DruidDataSource >> Method: com.alibaba.druid.pool.DruidDataSource$CreateConnectionThread.run(DruidDataSource.java:1890) ]
ERROR:create connection error, url: jdbc:mysql://localhost:3306/easybynet?rewriteBatchedStatements=true&useUnicode=true&characterEncoding=utf8
com.mysql.jdbc.exceptions.jdbc4.CommunicationsException: Communications link failure

Last packet sent to the server was 0 ms ago.
	at sun.reflect.NativeConstructorAccessorImpl.newInstance0(Native Method)
	at sun.reflect.NativeConstructorAccessorImpl.newInstance(NativeConstructorAccessorImpl.java:62)
	at sun.reflect.DelegatingConstructorAccessorImpl.__newInstance(DelegatingConstructorAccessorImpl.java:45)
	at sun.reflect.DelegatingConstructorAccessorImpl.newInstance(DelegatingConstructorAccessorImpl.java:45009)
	at sun.reflect.DelegatingConstructorAccessorImpl.newInstance(DelegatingConstructorAccessorImpl.java:45012)
	at java.lang.reflect.Constructor.newInstance(Constructor.java:423)
	at com.mysql.jdbc.Util.handleNewInstance(Util.java:353)
	at com.mysql.jdbc.SQLError.createCommunicationsException(SQLError.java:1074)
	at com.mysql.jdbc.Connection.createNewIO(Connection.java:2001)
	at com.mysql.jdbc.Connection.<init>(Connection.java:716)
	at com.mysql.jdbc.JDBC4Connection.<init>(JDBC4Connection.java:46)
	at sun.reflect.NativeConstructorAccessorImpl.newInstance0(Native Method)
	at sun.reflect.NativeConstructorAccessorImpl.newInstance(NativeConstructorAccessorImpl.java:62)
	at sun.reflect.DelegatingConstructorAccessorImpl.__newInstance(DelegatingConstructorAccessorImpl.java:45)
	at sun.reflect.DelegatingConstructorAccessorImpl.newInstance(DelegatingConstructorAccessorImpl.java:45009)
	at sun.reflect.DelegatingConstructorAccessorImpl.newInstance(DelegatingConstructorAccessorImpl.java:45012)
	at java.lang.reflect.Constructor.newInstance(Constructor.java:423)
	at com.mysql.jdbc.Util.handleNewInstance(Util.java:353)
	at com.mysql.jdbc.Connection.getInstance(Connection.java:295)
	at com.mysql.jdbc.NonRegisteringDriver.connect(NonRegisteringDriver.java:266)
	at com.alibaba.druid.pool.DruidAbstractDataSource.createPhysicalConnection(DruidAbstractDataSource.java:1375)
	at com.alibaba.druid.pool.DruidAbstractDataSource.createPhysicalConnection(DruidAbstractDataSource.java:1431)
	at com.alibaba.druid.pool.DruidDataSource$CreateConnectionThread.run(DruidDataSource.java:1888)
Caused by: java.net.ConnectException: Connection refused: connect
	at java.net.DualStackPlainSocketImpl.connect0(Native Method)
	at java.net.DualStackPlainSocketImpl.socketConnect(DualStackPlainSocketImpl.java:79)
	at java.net.AbstractPlainSocketImpl.doConnect(AbstractPlainSocketImpl.java:350)
	at java.net.AbstractPlainSocketImpl.connectToAddress(AbstractPlainSocketImpl.java:206)
	at java.net.AbstractPlainSocketImpl.connect(AbstractPlainSocketImpl.java:188)
	at java.net.PlainSocketImpl.connect(PlainSocketImpl.java:172)
	at java.net.SocksSocketImpl.connect(SocksSocketImpl.java:392)
	at java.net.Socket.connect(Socket.java:589)
	at java.net.Socket.connect(Socket.java:538)
	at java.net.Socket.<init>(Socket.java:434)
	at java.net.Socket.<init>(Socket.java:244)
	at com.mysql.jdbc.StandardSocketFactory.connect(StandardSocketFactory.java:168)
	at com.mysql.jdbc.MysqlIO.<init>(MysqlIO.java:262)
	at com.mysql.jdbc.Connection.createNewIO(Connection.java:1926)
	... 14 more
2019-04-11 19:14:04 下午 [Thread: Druid-ConnectionPool-Create-329051655][ Class:com.alibaba.druid.pool.DruidDataSource >> Method: com.alibaba.druid.pool.DruidDataSource$CreateConnectionThread.run(DruidDataSource.java:1890) ]
ERROR:create connection error, url: jdbc:mysql://localhost:3306/easybynet?rewriteBatchedStatements=true&useUnicode=true&characterEncoding=utf8
com.mysql.jdbc.exceptions.jdbc4.CommunicationsException: Communications link failure

Last packet sent to the server was 0 ms ago.
	at sun.reflect.NativeConstructorAccessorImpl.newInstance0(Native Method)
	at sun.reflect.NativeConstructorAccessorImpl.newInstance(NativeConstructorAccessorImpl.java:62)
	at sun.reflect.DelegatingConstructorAccessorImpl.__newInstance(DelegatingConstructorAccessorImpl.java:45)
	at sun.reflect.DelegatingConstructorAccessorImpl.newInstance(DelegatingConstructorAccessorImpl.java:45009)
	at sun.reflect.DelegatingConstructorAccessorImpl.newInstance(DelegatingConstructorAccessorImpl.java:45012)
	at java.lang.reflect.Constructor.newInstance(Constructor.java:423)
	at com.mysql.jdbc.Util.handleNewInstance(Util.java:353)
	at com.mysql.jdbc.SQLError.createCommunicationsException(SQLError.java:1074)
	at com.mysql.jdbc.Connection.createNewIO(Connection.java:2001)
	at com.mysql.jdbc.Connection.<init>(Connection.java:716)
	at com.mysql.jdbc.JDBC4Connection.<init>(JDBC4Connection.java:46)
	at sun.reflect.NativeConstructorAccessorImpl.newInstance0(Native Method)
	at sun.reflect.NativeConstructorAccessorImpl.newInstance(NativeConstructorAccessorImpl.java:62)
	at sun.reflect.DelegatingConstructorAccessorImpl.__newInstance(DelegatingConstructorAccessorImpl.java:45)
	at sun.reflect.DelegatingConstructorAccessorImpl.newInstance(DelegatingConstructorAccessorImpl.java:45009)
	at sun.reflect.DelegatingConstructorAccessorImpl.newInstance(DelegatingConstructorAccessorImpl.java:45012)
	at java.lang.reflect.Constructor.newInstance(Constructor.java:423)
	at com.mysql.jdbc.Util.handleNewInstance(Util.java:353)
	at com.mysql.jdbc.Connection.getInstance(Connection.java:295)
	at com.mysql.jdbc.NonRegisteringDriver.connect(NonRegisteringDriver.java:266)
	at com.alibaba.druid.pool.DruidAbstractDataSource.createPhysicalConnection(DruidAbstractDataSource.java:1375)
	at com.alibaba.druid.pool.DruidAbstractDataSource.createPhysicalConnection(DruidAbstractDataSource.java:1431)
	at com.alibaba.druid.pool.DruidDataSource$CreateConnectionThread.run(DruidDataSource.java:1888)
Caused by: java.net.ConnectException: Connection refused: connect
	at java.net.DualStackPlainSocketImpl.connect0(Native Method)
	at java.net.DualStackPlainSocketImpl.socketConnect(DualStackPlainSocketImpl.java:79)
	at java.net.AbstractPlainSocketImpl.doConnect(AbstractPlainSocketImpl.java:350)
	at java.net.AbstractPlainSocketImpl.connectToAddress(AbstractPlainSocketImpl.java:206)
	at java.net.AbstractPlainSocketImpl.connect(AbstractPlainSocketImpl.java:188)
	at java.net.PlainSocketImpl.connect(PlainSocketImpl.java:172)
	at java.net.SocksSocketImpl.connect(SocksSocketImpl.java:392)
	at java.net.Socket.connect(Socket.java:589)
	at java.net.Socket.connect(Socket.java:538)
	at java.net.Socket.<init>(Socket.java:434)
	at java.net.Socket.<init>(Socket.java:244)
	at com.mysql.jdbc.StandardSocketFactory.connect(StandardSocketFactory.java:168)
	at com.mysql.jdbc.MysqlIO.<init>(MysqlIO.java:262)
	at com.mysql.jdbc.Connection.createNewIO(Connection.java:1926)
	... 14 more
2019-04-11 19:14:06 下午 [Thread: Druid-ConnectionPool-Create-329051655][ Class:com.alibaba.druid.pool.DruidDataSource >> Method: com.alibaba.druid.pool.DruidDataSource$CreateConnectionThread.run(DruidDataSource.java:1890) ]
ERROR:create connection error, url: jdbc:mysql://localhost:3306/easybynet?rewriteBatchedStatements=true&useUnicode=true&characterEncoding=utf8
com.mysql.jdbc.exceptions.jdbc4.CommunicationsException: Communications link failure

Last packet sent to the server was 0 ms ago.
	at sun.reflect.NativeConstructorAccessorImpl.newInstance0(Native Method)
	at sun.reflect.NativeConstructorAccessorImpl.newInstance(NativeConstructorAccessorImpl.java:62)
	at sun.reflect.DelegatingConstructorAccessorImpl.__newInstance(DelegatingConstructorAccessorImpl.java:45)
	at sun.reflect.DelegatingConstructorAccessorImpl.newInstance(DelegatingConstructorAccessorImpl.java:45009)
	at sun.reflect.DelegatingConstructorAccessorImpl.newInstance(DelegatingConstructorAccessorImpl.java:45012)
	at java.lang.reflect.Constructor.newInstance(Constructor.java:423)
	at com.mysql.jdbc.Util.handleNewInstance(Util.java:353)
	at com.mysql.jdbc.SQLError.createCommunicationsException(SQLError.java:1074)
	at com.mysql.jdbc.Connection.createNewIO(Connection.java:2001)
	at com.mysql.jdbc.Connection.<init>(Connection.java:716)
	at com.mysql.jdbc.JDBC4Connection.<init>(JDBC4Connection.java:46)
	at sun.reflect.NativeConstructorAccessorImpl.newInstance0(Native Method)
	at sun.reflect.NativeConstructorAccessorImpl.newInstance(NativeConstructorAccessorImpl.java:62)
	at sun.reflect.DelegatingConstructorAccessorImpl.__newInstance(DelegatingConstructorAccessorImpl.java:45)
	at sun.reflect.DelegatingConstructorAccessorImpl.newInstance(DelegatingConstructorAccessorImpl.java:45009)
	at sun.reflect.DelegatingConstructorAccessorImpl.newInstance(DelegatingConstructorAccessorImpl.java:45012)
	at java.lang.reflect.Constructor.newInstance(Constructor.java:423)
	at com.mysql.jdbc.Util.handleNewInstance(Util.java:353)
	at com.mysql.jdbc.Connection.getInstance(Connection.java:295)
	at com.mysql.jdbc.NonRegisteringDriver.connect(NonRegisteringDriver.java:266)
	at com.alibaba.druid.pool.DruidAbstractDataSource.createPhysicalConnection(DruidAbstractDataSource.java:1375)
	at com.alibaba.druid.pool.DruidAbstractDataSource.createPhysicalConnection(DruidAbstractDataSource.java:1431)
	at com.alibaba.druid.pool.DruidDataSource$CreateConnectionThread.run(DruidDataSource.java:1888)
Caused by: java.net.ConnectException: Connection refused: connect
	at java.net.DualStackPlainSocketImpl.connect0(Native Method)
	at java.net.DualStackPlainSocketImpl.socketConnect(DualStackPlainSocketImpl.java:79)
	at java.net.AbstractPlainSocketImpl.doConnect(AbstractPlainSocketImpl.java:350)
	at java.net.AbstractPlainSocketImpl.connectToAddress(AbstractPlainSocketImpl.java:206)
	at java.net.AbstractPlainSocketImpl.connect(AbstractPlainSocketImpl.java:188)
	at java.net.PlainSocketImpl.connect(PlainSocketImpl.java:172)
	at java.net.SocksSocketImpl.connect(SocksSocketImpl.java:392)
	at java.net.Socket.connect(Socket.java:589)
	at java.net.Socket.connect(Socket.java:538)
	at java.net.Socket.<init>(Socket.java:434)
	at java.net.Socket.<init>(Socket.java:244)
	at com.mysql.jdbc.StandardSocketFactory.connect(StandardSocketFactory.java:168)
	at com.mysql.jdbc.MysqlIO.<init>(MysqlIO.java:262)
	at com.mysql.jdbc.Connection.createNewIO(Connection.java:1926)
	... 14 more
2019-04-11 19:14:08 下午 [Thread: Druid-ConnectionPool-Create-329051655][ Class:com.alibaba.druid.pool.DruidDataSource >> Method: com.alibaba.druid.pool.DruidDataSource$CreateConnectionThread.run(DruidDataSource.java:1890) ]
ERROR:create connection error, url: jdbc:mysql://localhost:3306/easybynet?rewriteBatchedStatements=true&useUnicode=true&characterEncoding=utf8
com.mysql.jdbc.exceptions.jdbc4.CommunicationsException: Communications link failure

Last packet sent to the server was 0 ms ago.
	at sun.reflect.NativeConstructorAccessorImpl.newInstance0(Native Method)
	at sun.reflect.NativeConstructorAccessorImpl.newInstance(NativeConstructorAccessorImpl.java:62)
	at sun.reflect.DelegatingConstructorAccessorImpl.__newInstance(DelegatingConstructorAccessorImpl.java:45)
	at sun.reflect.DelegatingConstructorAccessorImpl.newInstance(DelegatingConstructorAccessorImpl.java:45009)
	at sun.reflect.DelegatingConstructorAccessorImpl.newInstance(DelegatingConstructorAccessorImpl.java:45012)
	at java.lang.reflect.Constructor.newInstance(Constructor.java:423)
	at com.mysql.jdbc.Util.handleNewInstance(Util.java:353)
	at com.mysql.jdbc.SQLError.createCommunicationsException(SQLError.java:1074)
	at com.mysql.jdbc.Connection.createNewIO(Connection.java:2001)
	at com.mysql.jdbc.Connection.<init>(Connection.java:716)
	at com.mysql.jdbc.JDBC4Connection.<init>(JDBC4Connection.java:46)
	at sun.reflect.NativeConstructorAccessorImpl.newInstance0(Native Method)
	at sun.reflect.NativeConstructorAccessorImpl.newInstance(NativeConstructorAccessorImpl.java:62)
	at sun.reflect.DelegatingConstructorAccessorImpl.__newInstance(DelegatingConstructorAccessorImpl.java:45)
	at sun.reflect.DelegatingConstructorAccessorImpl.newInstance(DelegatingConstructorAccessorImpl.java:45009)
	at sun.reflect.DelegatingConstructorAccessorImpl.newInstance(DelegatingConstructorAccessorImpl.java:45012)
	at java.lang.reflect.Constructor.newInstance(Constructor.java:423)
	at com.mysql.jdbc.Util.handleNewInstance(Util.java:353)
	at com.mysql.jdbc.Connection.getInstance(Connection.java:295)
	at com.mysql.jdbc.NonRegisteringDriver.connect(NonRegisteringDriver.java:266)
	at com.alibaba.druid.pool.DruidAbstractDataSource.createPhysicalConnection(DruidAbstractDataSource.java:1375)
	at com.alibaba.druid.pool.DruidAbstractDataSource.createPhysicalConnection(DruidAbstractDataSource.java:1431)
	at com.alibaba.druid.pool.DruidDataSource$CreateConnectionThread.run(DruidDataSource.java:1888)
Caused by: java.net.ConnectException: Connection refused: connect
	at java.net.DualStackPlainSocketImpl.connect0(Native Method)
	at java.net.DualStackPlainSocketImpl.socketConnect(DualStackPlainSocketImpl.java:79)
	at java.net.AbstractPlainSocketImpl.doConnect(AbstractPlainSocketImpl.java:350)
	at java.net.AbstractPlainSocketImpl.connectToAddress(AbstractPlainSocketImpl.java:206)
	at java.net.AbstractPlainSocketImpl.connect(AbstractPlainSocketImpl.java:188)
	at java.net.PlainSocketImpl.connect(PlainSocketImpl.java:172)
	at java.net.SocksSocketImpl.connect(SocksSocketImpl.java:392)
	at java.net.Socket.connect(Socket.java:589)
	at java.net.Socket.connect(Socket.java:538)
	at java.net.Socket.<init>(Socket.java:434)
	at java.net.Socket.<init>(Socket.java:244)
	at com.mysql.jdbc.StandardSocketFactory.connect(StandardSocketFactory.java:168)
	at com.mysql.jdbc.MysqlIO.<init>(MysqlIO.java:262)
	at com.mysql.jdbc.Connection.createNewIO(Connection.java:1926)
	... 14 more
2019-04-11 19:14:42 下午 [Thread: http-apr-8080-exec-3][ Class:com.easybuynet.utils.BaseServlet >> Method: com.easybuynet.utils.BaseServlet.service(BaseServlet.java:41) ]
ERROR:java.lang.reflect.InvocationTargetException
2019-04-11 19:14:43 下午 [Thread: http-apr-8080-exec-5][ Class:com.easybuynet.utils.BaseServlet >> Method: com.easybuynet.utils.BaseServlet.service(BaseServlet.java:41) ]
ERROR:java.lang.reflect.InvocationTargetException
